5/1/2023, 10:06:50 AM | INFO | 	 🫡    server listening on port 3002 ..... | 

5/1/2023, 11:26:23 AM | INFO | 	 🫡    server listening on port 3002 ..... | 

5/1/2023, 11:26:23 AM | INFO | Redis connected successfully ✅ ✅ ✅  | 

5/1/2023, 11:26:23 AM | INFO | Redis connected successfully ✅ ✅ ✅  | 

5/1/2023, 11:26:23 AM | INFO | Database connected successfully ✅ ✅ ✅  | 

5/1/2023, 11:44:56 AM | INFO | 	 🫡    server listening on port 3002 ..... | 

5/1/2023, 11:44:56 AM | INFO | Redis connected successfully ✅ ✅ ✅  | 

5/1/2023, 11:44:56 AM | INFO | Redis connected successfully ✅ ✅ ✅  | 

5/1/2023, 11:44:57 AM | INFO | Database connected successfully ✅ ✅ ✅  | 

5/1/2023, 1:26:21 PM | INFO | 	 🫡    server listening on port 3002 ..... | 

5/1/2023, 1:26:21 PM | INFO | Redis connected successfully ✅ ✅ ✅  | 

5/1/2023, 1:26:21 PM | INFO | Redis connected successfully ✅ ✅ ✅  | 

5/1/2023, 1:26:22 PM | INFO | Database connected successfully ✅ ✅ ✅  | 

5/1/2023, 1:31:24 PM | INFO | 	 🫡    server listening on port 3002 ..... | 

5/1/2023, 1:31:24 PM | INFO | Redis connected successfully ✅ ✅ ✅  | 

5/1/2023, 1:31:24 PM | INFO | Redis connected successfully ✅ ✅ ✅  | 

5/1/2023, 1:31:35 PM | INFO | 	 🫡    server listening on port 3002 ..... | 

5/1/2023, 1:31:35 PM | INFO | Redis connected successfully ✅ ✅ ✅  | 

5/1/2023, 1:31:35 PM | INFO | Redis connected successfully ✅ ✅ ✅  | 

5/1/2023, 1:31:36 PM | INFO | Database connected successfully ✅ ✅ ✅  | 

5/1/2023, 1:32:11 PM | INFO | 	 🫡    server listening on port 3002 ..... | 

5/1/2023, 1:32:11 PM | INFO | Redis connected successfully ✅ ✅ ✅  | 

5/1/2023, 1:32:11 PM | INFO | Redis connected successfully ✅ ✅ ✅  | 

5/1/2023, 1:32:11 PM | INFO | Database connected successfully ✅ ✅ ✅  | 

5/1/2023, 1:32:36 PM | INFO | 	 🫡    server listening on port 3002 ..... | 

5/1/2023, 1:32:36 PM | INFO | Redis connected successfully ✅ ✅ ✅  | 

5/1/2023, 1:32:36 PM | INFO | Redis connected successfully ✅ ✅ ✅  | 

5/1/2023, 1:32:37 PM | INFO | Database connected successfully ✅ ✅ ✅  | 

