5/1/2023, 11:39:53 AM | INFO | 401 | Unauthorized | 
    request: GET | /project/ | -ip: ::1 |- body: {"user_id":"{{id}}"} |
    response: 401 | - message: User not found |

5/1/2023, 12:54:34 PM | INFO | 200 | OK | 
    request: GET | /project/ | -ip: ::1 |- body: {"user_id":"ed4f16146546c1b96d993f0e177c6b91"} |
    response: 200 | - message: all projects sent successfully |

5/1/2023, 12:55:17 PM | INFO | 200 | undefined | 
    request: POST | /project | -ip: ::1 |- body: {"name":"first project","boundary":{"mask":[[310,100],[1100,100]]},"door_position":{"x":1},"constraints":{"rooms":5},"user_id":"ed4f16146546c1b96d993f0e177c6b91"} |
    response: 200 | - message: TypeError: fn is not a function |

5/1/2023, 1:22:23 PM | INFO | 200 | undefined | 
    request: POST | /project | -ip: ::1 |- body: {"name":"first project","boundary":{"mask":[[310,100],[1100,100]]},"door_position":{"x":1},"constraints":{"rooms":5},"user_id":"ed4f16146546c1b96d993f0e177c6b91"} |
    response: 200 | - message: TypeError: fn is not a function |

5/1/2023, 1:23:50 PM | INFO | 200 | undefined | 
    request: POST | /project | -ip: ::1 |- body: {"name":"first project","boundary":{"mask":[[310,100],[1100,100]]},"door_position":{"x":1},"constraints":{"rooms":5},"user_id":"ed4f16146546c1b96d993f0e177c6b91"} |
    response: 200 | - message: TypeError: fn is not a function |

5/1/2023, 1:26:44 PM | INFO | 200 | OK | 
    request: GET | /project/ | -ip: ::1 |- body: {"user_id":"ed4f16146546c1b96d993f0e177c6b91"} |
    response: 200 | - message: all projects sent successfully |

5/1/2023, 1:34:55 PM | INFO | 200 | OK | 
    request: GET | /project/ | -ip: ::1 |- body: {} |
    response: 200 | - message: all projects sent successfully |

5/1/2023, 1:37:34 PM | INFO | 200 | undefined | 
    request: GET | /version/ | -ip: ::1 |- body: {"project_id":26} |
    response: 200 | - message: TypeError: fn is not a function |

5/1/2023, 1:37:36 PM | INFO | 200 | undefined | 
    request: GET | /version/ | -ip: ::1 |- body: {"project_id":26} |
    response: 200 | - message: TypeError: fn is not a function |

5/1/2023, 1:37:38 PM | INFO | 200 | undefined | 
    request: GET | /version/ | -ip: ::1 |- body: {"project_id":26} |
    response: 200 | - message: TypeError: fn is not a function |

5/1/2023, 1:38:05 PM | INFO | 200 | OK | 
    request: GET | /project/ | -ip: ::1 |- body: {} |
    response: 200 | - message: all projects sent successfully |

